<?xml version="1.0" encoding="UTF-8"?>
<testng-results skipped="0" failed="0" ignored="0" total="2" passed="2">
  <reporter-output>
  </reporter-output>
  <suite name="Surefire suite" duration-ms="24" started-at="2019-07-10T17:39:38Z" finished-at="2019-07-10T17:39:38Z">
    <groups>
    </groups>
    <test name="Surefire test" duration-ms="24" started-at="2019-07-10T17:39:38Z" finished-at="2019-07-10T17:39:38Z">
      <class name="qaclickacademy.AppiumTest">
        <test-method status="PASS" signature="IOSApps()[pri:0, instance:qaclickacademy.AppiumTest@5a61f5df]" name="IOSApps" duration-ms="8" started-at="2019-07-10T17:39:38Z" finished-at="2019-07-10T17:39:38Z">
          <reporter-output>
          </reporter-output>
        </test-method> <!-- IOSApps -->
        <test-method status="PASS" signature="nativeAppAndroid()[pri:0, instance:qaclickacademy.AppiumTest@5a61f5df]" name="nativeAppAndroid" duration-ms="0" started-at="2019-07-10T17:39:38Z" finished-at="2019-07-10T17:39:38Z">
          <reporter-output>
          </reporter-output>
        </test-method> <!-- nativeAppAndroid -->
      </class> <!-- qaclickacademy.AppiumTest -->
    </test> <!-- Surefire test -->
  </suite> <!-- Surefire suite -->
</testng-results>
